[2024-06-03 01:42:20Z INFO HostContext] No proxy settings were found based on environmental variables (http_proxy/https_proxy/HTTP_PROXY/HTTPS_PROXY)
[2024-06-03 01:42:20Z INFO HostContext] Well known directory 'Bin': 'D:\Temporal\Api-Calendario\actions-runner\bin'
[2024-06-03 01:42:20Z INFO HostContext] Well known directory 'Root': 'D:\Temporal\Api-Calendario\actions-runner'
[2024-06-03 01:42:20Z INFO HostContext] Well known config file 'Credentials': 'D:\Temporal\Api-Calendario\actions-runner\.credentials'
[2024-06-03 01:42:20Z INFO HostContext] Well known directory 'Bin': 'D:\Temporal\Api-Calendario\actions-runner\bin'
[2024-06-03 01:42:20Z INFO HostContext] Well known directory 'Root': 'D:\Temporal\Api-Calendario\actions-runner'
[2024-06-03 01:42:20Z INFO HostContext] Well known config file 'Runner': 'D:\Temporal\Api-Calendario\actions-runner\.runner'
[2024-06-03 01:42:20Z INFO Listener] Runner is built for Windows (X64) - win-x64.
[2024-06-03 01:42:20Z INFO Listener] RuntimeInformation: Microsoft Windows 10.0.19045.
[2024-06-03 01:42:20Z INFO Listener] Version: 2.316.1
[2024-06-03 01:42:20Z INFO Listener] Commit: 9ac138d10eac15c71493f004f1b1bc919ead40de
[2024-06-03 01:42:20Z INFO Listener] Culture: es-CO
[2024-06-03 01:42:20Z INFO Listener] UI Culture: es-MX
[2024-06-03 01:42:20Z INFO HostContext] Well known directory 'Bin': 'D:\Temporal\Api-Calendario\actions-runner\bin'
[2024-06-03 01:42:20Z INFO HostContext] Well known directory 'Root': 'D:\Temporal\Api-Calendario\actions-runner'
[2024-06-03 01:42:20Z INFO Listener] Validating directory permissions for: 'D:\Temporal\Api-Calendario\actions-runner'
[2024-06-03 01:42:20Z INFO CommandLineParser] Parse
[2024-06-03 01:42:20Z INFO CommandLineParser] Parsing 5 args
[2024-06-03 01:42:20Z INFO CommandLineParser] parsing argument
[2024-06-03 01:42:20Z INFO CommandLineParser] HasArgs: False
[2024-06-03 01:42:20Z INFO CommandLineParser] Adding Command: configure
[2024-06-03 01:42:20Z INFO CommandLineParser] parsing argument
[2024-06-03 01:42:20Z INFO CommandLineParser] HasArgs: True
[2024-06-03 01:42:20Z INFO CommandLineParser] arg: url
[2024-06-03 01:42:20Z INFO CommandLineParser] parsing argument
[2024-06-03 01:42:20Z INFO CommandLineParser] HasArgs: True
[2024-06-03 01:42:20Z INFO CommandLineParser] Adding option 'url': 'https://github.com/sergiovilla41/Pipelines-Backend'
[2024-06-03 01:42:20Z INFO CommandLineParser] parsing argument
[2024-06-03 01:42:20Z INFO CommandLineParser] HasArgs: True
[2024-06-03 01:42:20Z INFO CommandLineParser] arg: token
[2024-06-03 01:42:20Z INFO CommandLineParser] parsing argument
[2024-06-03 01:42:20Z INFO CommandLineParser] HasArgs: True
[2024-06-03 01:42:20Z INFO CommandLineParser] Adding option 'token': '***'
[2024-06-03 01:42:20Z INFO Listener] Arguments parsed
[2024-06-03 01:42:20Z INFO Runner] ExecuteCommand
[2024-06-03 01:42:20Z INFO ConfigurationStore] currentAssemblyLocation: D:\Temporal\Api-Calendario\actions-runner\bin\Runner.Listener.dll
[2024-06-03 01:42:20Z INFO HostContext] Well known directory 'Bin': 'D:\Temporal\Api-Calendario\actions-runner\bin'
[2024-06-03 01:42:20Z INFO ConfigurationStore] binPath: D:\Temporal\Api-Calendario\actions-runner\bin
[2024-06-03 01:42:20Z INFO HostContext] Well known directory 'Bin': 'D:\Temporal\Api-Calendario\actions-runner\bin'
[2024-06-03 01:42:20Z INFO HostContext] Well known directory 'Root': 'D:\Temporal\Api-Calendario\actions-runner'
[2024-06-03 01:42:20Z INFO ConfigurationStore] RootFolder: D:\Temporal\Api-Calendario\actions-runner
[2024-06-03 01:42:20Z INFO HostContext] Well known directory 'Bin': 'D:\Temporal\Api-Calendario\actions-runner\bin'
[2024-06-03 01:42:20Z INFO HostContext] Well known directory 'Root': 'D:\Temporal\Api-Calendario\actions-runner'
[2024-06-03 01:42:20Z INFO HostContext] Well known config file 'Runner': 'D:\Temporal\Api-Calendario\actions-runner\.runner'
[2024-06-03 01:42:20Z INFO ConfigurationStore] ConfigFilePath: D:\Temporal\Api-Calendario\actions-runner\.runner
[2024-06-03 01:42:20Z INFO HostContext] Well known directory 'Bin': 'D:\Temporal\Api-Calendario\actions-runner\bin'
[2024-06-03 01:42:20Z INFO HostContext] Well known directory 'Root': 'D:\Temporal\Api-Calendario\actions-runner'
[2024-06-03 01:42:20Z INFO HostContext] Well known config file 'Credentials': 'D:\Temporal\Api-Calendario\actions-runner\.credentials'
[2024-06-03 01:42:20Z INFO ConfigurationStore] CredFilePath: D:\Temporal\Api-Calendario\actions-runner\.credentials
[2024-06-03 01:42:20Z INFO HostContext] Well known directory 'Bin': 'D:\Temporal\Api-Calendario\actions-runner\bin'
[2024-06-03 01:42:20Z INFO HostContext] Well known directory 'Root': 'D:\Temporal\Api-Calendario\actions-runner'
[2024-06-03 01:42:20Z INFO HostContext] Well known config file 'MigratedCredentials': 'D:\Temporal\Api-Calendario\actions-runner\.credentials_migrated'
[2024-06-03 01:42:20Z INFO ConfigurationStore] MigratedCredFilePath: D:\Temporal\Api-Calendario\actions-runner\.credentials_migrated
[2024-06-03 01:42:20Z INFO HostContext] Well known directory 'Bin': 'D:\Temporal\Api-Calendario\actions-runner\bin'
[2024-06-03 01:42:20Z INFO HostContext] Well known directory 'Root': 'D:\Temporal\Api-Calendario\actions-runner'
[2024-06-03 01:42:20Z INFO HostContext] Well known config file 'Service': 'D:\Temporal\Api-Calendario\actions-runner\.service'
[2024-06-03 01:42:20Z INFO ConfigurationStore] ServiceConfigFilePath: D:\Temporal\Api-Calendario\actions-runner\.service
[2024-06-03 01:42:20Z INFO CommandSettings] Flag 'help': 'False'
[2024-06-03 01:42:20Z INFO CommandSettings] Flag 'version': 'False'
[2024-06-03 01:42:20Z INFO CommandSettings] Flag 'commit': 'False'
[2024-06-03 01:42:20Z INFO CommandSettings] Flag 'check': 'False'
[2024-06-03 01:42:20Z INFO CommandSettings] Command 'configure': 'True'
[2024-06-03 01:42:20Z INFO Terminal] WRITE LINE: 
[2024-06-03 01:42:20Z INFO Terminal] WRITE LINE: --------------------------------------------------------------------------------
[2024-06-03 01:42:20Z INFO Terminal] WRITE LINE: |        ____ _ _   _   _       _          _        _   _                      |
[2024-06-03 01:42:20Z INFO Terminal] WRITE LINE: |       / ___(_) |_| | | |_   _| |__      / \   ___| |_(_) ___  _ __  ___      |
[2024-06-03 01:42:20Z INFO Terminal] WRITE LINE: |      | |  _| | __| |_| | | | | '_ \    / _ \ / __| __| |/ _ \| '_ \/ __|     |
[2024-06-03 01:42:20Z INFO Terminal] WRITE LINE: |      | |_| | | |_|  _  | |_| | |_) |  / ___ \ (__| |_| | (_) | | | \__ \     |
[2024-06-03 01:42:20Z INFO Terminal] WRITE LINE: |       \____|_|\__|_| |_|\__,_|_.__/  /_/   \_\___|\__|_|\___/|_| |_|___/     |
[2024-06-03 01:42:20Z INFO Terminal] WRITE LINE: |                                                                              |
[2024-06-03 01:42:20Z INFO Terminal] WRITE: |                       
[2024-06-03 01:42:20Z INFO Terminal] WRITE: Self-hosted runner registration
[2024-06-03 01:42:20Z INFO Terminal] WRITE LINE:                         |
[2024-06-03 01:42:20Z INFO Terminal] WRITE LINE: |                                                                              |
[2024-06-03 01:42:20Z INFO Terminal] WRITE LINE: --------------------------------------------------------------------------------
[2024-06-03 01:42:20Z INFO ConfigurationManager] ConfigureAsync
[2024-06-03 01:42:20Z INFO CommandSettings] Flag 'generateServiceConfig': 'False'
[2024-06-03 01:42:20Z INFO ConfigurationStore] IsConfigured()
[2024-06-03 01:42:20Z INFO ConfigurationStore] IsConfigured: False
[2024-06-03 01:42:20Z INFO ConfigurationManager] Is configured: False
[2024-06-03 01:42:20Z INFO CommandSettings] Arg 'url': 'https://github.com/sergiovilla41/Pipelines-Backend'
[2024-06-03 01:42:20Z INFO CommandSettings] Remove url from Arg dictionary.
[2024-06-03 01:42:20Z INFO CommandSettings] Arg 'token': '***'
[2024-06-03 01:42:20Z INFO CommandSettings] Remove token from Arg dictionary.
[2024-06-03 01:42:21Z INFO ConfigurationManager] Http response code: OK from 'POST https://api.github.com/actions/runner-registration' (0523:1844:79D9F61:CC4575A:665D1F7C)
[2024-06-03 01:42:21Z INFO ConfigurationManager] Using V2 flow: False
[2024-06-03 01:42:21Z INFO ConfigurationManager] cred retrieved via GitHub auth
[2024-06-03 01:42:21Z INFO RunnerServer] EstablishVssConnection
[2024-06-03 01:42:21Z INFO RunnerServer] Establish connection with 100 seconds timeout.
[2024-06-03 01:42:21Z INFO GitHubActionsService] Starting operation Location.GetConnectionData
[2024-06-03 01:42:21Z INFO RunnerServer] EstablishVssConnection
[2024-06-03 01:42:21Z INFO RunnerServer] Establish connection with 60 seconds timeout.
[2024-06-03 01:42:21Z INFO GitHubActionsService] Starting operation Location.GetConnectionData
[2024-06-03 01:42:21Z INFO RunnerServer] EstablishVssConnection
[2024-06-03 01:42:21Z INFO RunnerServer] Establish connection with 60 seconds timeout.
[2024-06-03 01:42:21Z INFO GitHubActionsService] Starting operation Location.GetConnectionData
[2024-06-03 01:42:21Z INFO GitHubActionsService] Finished operation Location.GetConnectionData
[2024-06-03 01:42:21Z INFO GitHubActionsService] Finished operation Location.GetConnectionData
[2024-06-03 01:42:21Z INFO GitHubActionsService] Finished operation Location.GetConnectionData
[2024-06-03 01:42:22Z INFO Terminal] WRITE LINE: 
[2024-06-03 01:42:22Z INFO ConfigurationManager] Test Connection complete.
[2024-06-03 01:42:22Z INFO HostContext] Well known directory 'Bin': 'D:\Temporal\Api-Calendario\actions-runner\bin'
[2024-06-03 01:42:22Z INFO HostContext] Well known directory 'Root': 'D:\Temporal\Api-Calendario\actions-runner'
[2024-06-03 01:42:22Z INFO HostContext] Well known config file 'RSACredentials': 'D:\Temporal\Api-Calendario\actions-runner\.credentials_rsaparams'
[2024-06-03 01:42:22Z INFO RSAEncryptedFileKeyManager] Creating new RSA key using 2048-bit key length
[2024-06-03 01:42:22Z INFO RSAEncryptedFileKeyManager] Successfully saved RSA key parameters to file D:\Temporal\Api-Calendario\actions-runner\.credentials_rsaparams
[2024-06-03 01:42:22Z INFO CommandSettings] Arg 'runnergroup': ''
[2024-06-03 01:42:22Z INFO CommandSettings] Flag 'unattended': 'False'
[2024-06-03 01:42:22Z INFO PromptManager] ReadValue
[2024-06-03 01:42:22Z INFO Terminal] WRITE: Enter the name of the runner group to add this runner to: 
[2024-06-03 01:42:22Z INFO Terminal] WRITE: [press Enter for Default] 
[2024-06-03 01:42:22Z INFO Terminal] READ LINE
[2024-06-03 01:42:30Z INFO Terminal] Read value: ''
[2024-06-03 01:42:30Z INFO PromptManager] Falling back to the default: 'Default'
[2024-06-03 01:42:30Z INFO Terminal] WRITE LINE: 
[2024-06-03 01:42:30Z INFO ConfigurationManager] Found a self-hosted runner group with id 1 and name Default
[2024-06-03 01:42:30Z INFO CommandSettings] Flag 'disableupdate': 'False'
[2024-06-03 01:42:30Z INFO CommandSettings] Flag 'ephemeral': 'False'
[2024-06-03 01:42:30Z INFO CommandSettings] Arg 'name': ''
[2024-06-03 01:42:30Z INFO CommandSettings] Flag 'unattended': 'False'
[2024-06-03 01:42:30Z INFO PromptManager] ReadValue
[2024-06-03 01:42:30Z INFO Terminal] WRITE: Enter the name of runner: 
[2024-06-03 01:42:30Z INFO Terminal] WRITE: [press Enter for DESKTOP-8FTT8UL] 
[2024-06-03 01:42:30Z INFO Terminal] READ LINE
[2024-06-03 01:42:32Z INFO Terminal] Read value: ''
[2024-06-03 01:42:32Z INFO PromptManager] Falling back to the default: 'DESKTOP-8FTT8UL'
[2024-06-03 01:42:32Z INFO Terminal] WRITE LINE: 
[2024-06-03 01:42:32Z INFO CommandSettings] Arg 'labels': ''
[2024-06-03 01:42:32Z INFO CommandSettings] Flag 'unattended': 'False'
[2024-06-03 01:42:32Z INFO PromptManager] ReadValue
[2024-06-03 01:42:32Z INFO Terminal] WRITE: This runner will have the following labels: 'self-hosted', 'Windows', 'X64' 
Enter any additional labels (ex. label-1,label-2): 
[2024-06-03 01:42:32Z INFO Terminal] WRITE: [press Enter to skip] 
[2024-06-03 01:42:32Z INFO Terminal] READ LINE
[2024-06-03 01:42:34Z INFO Terminal] Read value: ''
[2024-06-03 01:42:34Z INFO Terminal] WRITE LINE: 
[2024-06-03 01:42:34Z INFO CommandSettings] Flag 'disableupdate': 'False'
[2024-06-03 01:42:34Z INFO CommandSettings] Flag 'no-default-labels': 'False'
[2024-06-03 01:42:34Z INFO CommandSettings] Flag 'disableupdate': 'False'
[2024-06-03 01:42:34Z INFO CommandSettings] Flag 'ephemeral': 'False'
[2024-06-03 01:42:34Z INFO ConfigurationStore] Saving OAuth credential @ D:\Temporal\Api-Calendario\actions-runner\.credentials
[2024-06-03 01:42:34Z INFO ConfigurationStore] Credentials Saved.
[2024-06-03 01:42:34Z INFO ConfigurationStore] HasCredentials()
[2024-06-03 01:42:34Z INFO ConfigurationStore] stored True
[2024-06-03 01:42:34Z INFO CredentialManager] GetCredentialProvider
[2024-06-03 01:42:34Z INFO CredentialManager] Creating type OAuth
[2024-06-03 01:42:34Z INFO CredentialManager] Creating credential type: OAuth
[2024-06-03 01:42:34Z INFO RSAEncryptedFileKeyManager] Loading RSA key parameters from file D:\Temporal\Api-Calendario\actions-runner\.credentials_rsaparams
[2024-06-03 01:42:34Z INFO RunnerServer] EstablishVssConnection
[2024-06-03 01:42:34Z INFO RunnerServer] Establish connection with 100 seconds timeout.
[2024-06-03 01:42:34Z INFO GitHubActionsService] Starting operation Location.GetConnectionData
[2024-06-03 01:42:34Z INFO RunnerServer] EstablishVssConnection
[2024-06-03 01:42:34Z INFO RunnerServer] Establish connection with 60 seconds timeout.
[2024-06-03 01:42:34Z INFO GitHubActionsService] Starting operation Location.GetConnectionData
[2024-06-03 01:42:34Z INFO RunnerServer] EstablishVssConnection
[2024-06-03 01:42:34Z INFO RunnerServer] Establish connection with 60 seconds timeout.
[2024-06-03 01:42:34Z INFO GitHubActionsService] Starting operation Location.GetConnectionData
[2024-06-03 01:42:34Z INFO GitHubActionsService] Finished operation Location.GetConnectionData
[2024-06-03 01:42:35Z INFO GitHubActionsService] Finished operation Location.GetConnectionData
[2024-06-03 01:42:35Z INFO GitHubActionsService] Finished operation Location.GetConnectionData
[2024-06-03 01:42:35Z INFO RSAEncryptedFileKeyManager] Loading RSA key parameters from file D:\Temporal\Api-Calendario\actions-runner\.credentials_rsaparams
[2024-06-03 01:42:35Z INFO RSAEncryptedFileKeyManager] Loading RSA key parameters from file D:\Temporal\Api-Calendario\actions-runner\.credentials_rsaparams
[2024-06-03 01:42:35Z INFO GitHubActionsService] AAD Correlation ID for this token request: Unknown
[2024-06-03 01:42:35Z INFO CommandSettings] Arg 'work': ''
[2024-06-03 01:42:35Z INFO CommandSettings] Flag 'unattended': 'False'
[2024-06-03 01:42:35Z INFO PromptManager] ReadValue
[2024-06-03 01:42:35Z INFO Terminal] WRITE: Enter name of work folder: 
[2024-06-03 01:42:35Z INFO Terminal] WRITE: [press Enter for _work] 
[2024-06-03 01:42:35Z INFO Terminal] READ LINE
[2024-06-03 01:42:37Z INFO Terminal] Read value: ''
[2024-06-03 01:42:37Z INFO PromptManager] Falling back to the default: '_work'
[2024-06-03 01:42:37Z INFO ConfigurationStore] Saving runner settings.
[2024-06-03 01:42:37Z INFO ConfigurationStore] Settings Saved.
[2024-06-03 01:42:37Z INFO Terminal] WRITE LINE: 
[2024-06-03 01:42:37Z INFO Terminal] WRITE LINE: 
[2024-06-03 01:42:37Z INFO CommandSettings] Flag 'runasservice': 'False'
[2024-06-03 01:42:37Z INFO CommandSettings] Flag 'unattended': 'False'
[2024-06-03 01:42:37Z INFO PromptManager] ReadValue
[2024-06-03 01:42:37Z INFO Terminal] WRITE: Would you like to run the runner as service? (Y/N) 
[2024-06-03 01:42:37Z INFO Terminal] WRITE: [press Enter for N] 
[2024-06-03 01:42:37Z INFO Terminal] READ LINE
[2024-06-03 01:42:38Z INFO Terminal] Read value: ''
[2024-06-03 01:42:38Z INFO PromptManager] Falling back to the default: 'N'
[2024-06-03 01:42:38Z INFO Listener] Runner execution has finished with return code 0
