[2024-06-03 01:42:49Z INFO HostContext] No proxy settings were found based on environmental variables (http_proxy/https_proxy/HTTP_PROXY/HTTPS_PROXY)
[2024-06-03 01:42:49Z INFO HostContext] Well known directory 'Bin': 'D:\Temporal\Api-Calendario\actions-runner\bin'
[2024-06-03 01:42:49Z INFO HostContext] Well known directory 'Root': 'D:\Temporal\Api-Calendario\actions-runner'
[2024-06-03 01:42:49Z INFO HostContext] Well known config file 'Credentials': 'D:\Temporal\Api-Calendario\actions-runner\.credentials'
[2024-06-03 01:42:49Z INFO HostContext] Well known directory 'Bin': 'D:\Temporal\Api-Calendario\actions-runner\bin'
[2024-06-03 01:42:49Z INFO HostContext] Well known directory 'Root': 'D:\Temporal\Api-Calendario\actions-runner'
[2024-06-03 01:42:49Z INFO HostContext] Well known config file 'Runner': 'D:\Temporal\Api-Calendario\actions-runner\.runner'
[2024-06-03 01:42:49Z INFO Listener] Runner is built for Windows (X64) - win-x64.
[2024-06-03 01:42:49Z INFO Listener] RuntimeInformation: Microsoft Windows 10.0.19045.
[2024-06-03 01:42:49Z INFO Listener] Version: 2.316.1
[2024-06-03 01:42:49Z INFO Listener] Commit: 9ac138d10eac15c71493f004f1b1bc919ead40de
[2024-06-03 01:42:49Z INFO Listener] Culture: es-CO
[2024-06-03 01:42:49Z INFO Listener] UI Culture: es-MX
[2024-06-03 01:42:49Z INFO HostContext] Well known directory 'Bin': 'D:\Temporal\Api-Calendario\actions-runner\bin'
[2024-06-03 01:42:49Z INFO HostContext] Well known directory 'Root': 'D:\Temporal\Api-Calendario\actions-runner'
[2024-06-03 01:42:49Z INFO Listener] Validating directory permissions for: 'D:\Temporal\Api-Calendario\actions-runner'
[2024-06-03 01:42:49Z INFO CommandLineParser] Parse
[2024-06-03 01:42:49Z INFO CommandLineParser] Parsing 1 args
[2024-06-03 01:42:49Z INFO CommandLineParser] parsing argument
[2024-06-03 01:42:49Z INFO CommandLineParser] HasArgs: False
[2024-06-03 01:42:49Z INFO CommandLineParser] Adding Command: run
[2024-06-03 01:42:49Z INFO Listener] Arguments parsed
[2024-06-03 01:42:49Z INFO Runner] ExecuteCommand
[2024-06-03 01:42:49Z INFO ConfigurationStore] currentAssemblyLocation: D:\Temporal\Api-Calendario\actions-runner\bin\Runner.Listener.dll
[2024-06-03 01:42:49Z INFO HostContext] Well known directory 'Bin': 'D:\Temporal\Api-Calendario\actions-runner\bin'
[2024-06-03 01:42:49Z INFO ConfigurationStore] binPath: D:\Temporal\Api-Calendario\actions-runner\bin
[2024-06-03 01:42:49Z INFO HostContext] Well known directory 'Bin': 'D:\Temporal\Api-Calendario\actions-runner\bin'
[2024-06-03 01:42:49Z INFO HostContext] Well known directory 'Root': 'D:\Temporal\Api-Calendario\actions-runner'
[2024-06-03 01:42:49Z INFO ConfigurationStore] RootFolder: D:\Temporal\Api-Calendario\actions-runner
[2024-06-03 01:42:49Z INFO HostContext] Well known directory 'Bin': 'D:\Temporal\Api-Calendario\actions-runner\bin'
[2024-06-03 01:42:49Z INFO HostContext] Well known directory 'Root': 'D:\Temporal\Api-Calendario\actions-runner'
[2024-06-03 01:42:49Z INFO HostContext] Well known config file 'Runner': 'D:\Temporal\Api-Calendario\actions-runner\.runner'
[2024-06-03 01:42:49Z INFO ConfigurationStore] ConfigFilePath: D:\Temporal\Api-Calendario\actions-runner\.runner
[2024-06-03 01:42:49Z INFO HostContext] Well known directory 'Bin': 'D:\Temporal\Api-Calendario\actions-runner\bin'
[2024-06-03 01:42:49Z INFO HostContext] Well known directory 'Root': 'D:\Temporal\Api-Calendario\actions-runner'
[2024-06-03 01:42:49Z INFO HostContext] Well known config file 'Credentials': 'D:\Temporal\Api-Calendario\actions-runner\.credentials'
[2024-06-03 01:42:49Z INFO ConfigurationStore] CredFilePath: D:\Temporal\Api-Calendario\actions-runner\.credentials
[2024-06-03 01:42:49Z INFO HostContext] Well known directory 'Bin': 'D:\Temporal\Api-Calendario\actions-runner\bin'
[2024-06-03 01:42:49Z INFO HostContext] Well known directory 'Root': 'D:\Temporal\Api-Calendario\actions-runner'
[2024-06-03 01:42:49Z INFO HostContext] Well known config file 'MigratedCredentials': 'D:\Temporal\Api-Calendario\actions-runner\.credentials_migrated'
[2024-06-03 01:42:49Z INFO ConfigurationStore] MigratedCredFilePath: D:\Temporal\Api-Calendario\actions-runner\.credentials_migrated
[2024-06-03 01:42:49Z INFO HostContext] Well known directory 'Bin': 'D:\Temporal\Api-Calendario\actions-runner\bin'
[2024-06-03 01:42:49Z INFO HostContext] Well known directory 'Root': 'D:\Temporal\Api-Calendario\actions-runner'
[2024-06-03 01:42:49Z INFO HostContext] Well known config file 'Service': 'D:\Temporal\Api-Calendario\actions-runner\.service'
[2024-06-03 01:42:49Z INFO ConfigurationStore] ServiceConfigFilePath: D:\Temporal\Api-Calendario\actions-runner\.service
[2024-06-03 01:42:49Z INFO CommandSettings] Flag 'help': 'False'
[2024-06-03 01:42:49Z INFO CommandSettings] Flag 'version': 'False'
[2024-06-03 01:42:49Z INFO CommandSettings] Flag 'commit': 'False'
[2024-06-03 01:42:49Z INFO CommandSettings] Flag 'check': 'False'
[2024-06-03 01:42:49Z INFO CommandSettings] Command 'configure': 'False'
[2024-06-03 01:42:49Z INFO CommandSettings] Command 'remove': 'False'
[2024-06-03 01:42:49Z INFO CommandSettings] Command 'warmup': 'False'
[2024-06-03 01:42:49Z INFO ConfigurationManager] LoadSettings
[2024-06-03 01:42:49Z INFO ConfigurationStore] IsConfigured()
[2024-06-03 01:42:49Z INFO ConfigurationStore] IsConfigured: True
[2024-06-03 01:42:49Z INFO ConfigurationManager] Is configured: True
[2024-06-03 01:42:49Z INFO ConfigurationStore] Read setting file: 321 chars
[2024-06-03 01:42:49Z INFO ConfigurationManager] Settings Loaded
[2024-06-03 01:42:49Z INFO ConfigurationStore] IsServiceConfigured()
[2024-06-03 01:42:49Z INFO ConfigurationStore] IsServiceConfigured: False
[2024-06-03 01:42:49Z INFO CommandSettings] Command 'run': 'True'
[2024-06-03 01:42:49Z INFO ConfigurationStore] IsConfigured()
[2024-06-03 01:42:49Z INFO ConfigurationStore] IsConfigured: True
[2024-06-03 01:42:49Z INFO ConfigurationManager] Is configured: True
[2024-06-03 01:42:49Z INFO Runner] Could not parse the argument value '' for StartupType. Defaulting to Manual
[2024-06-03 01:42:49Z INFO Runner] Set runner startup type - Manual
[2024-06-03 01:42:49Z INFO CommandSettings] Flag 'once': 'False'
[2024-06-03 01:42:49Z INFO CommandSettings] Flag 'once': 'False'
[2024-06-03 01:42:49Z INFO Runner] RunAsync
[2024-06-03 01:42:49Z INFO ConfigurationManager] LoadSettings
[2024-06-03 01:42:49Z INFO ConfigurationStore] IsConfigured()
[2024-06-03 01:42:49Z INFO ConfigurationStore] IsConfigured: True
[2024-06-03 01:42:49Z INFO ConfigurationManager] Is configured: True
[2024-06-03 01:42:49Z INFO ConfigurationManager] Settings Loaded
[2024-06-03 01:42:49Z INFO MessageListener] {
  "AgentId": 2,
  "AgentName": "DESKTOP-8FTT8UL",
  "PoolId": 1,
  "PoolName": "Default",
  "ServerUrl": "https://pipelinesghubeus14.actions.githubusercontent.com/MvxJeozB7iwIkriCYJDX9A1lZqkLGg8nGQjKLrTD2Ey96xIOB1/",
  "GitHubUrl": "https://github.com/sergiovilla41/Pipelines-Backend",
  "WorkFolder": "_work"
}
[2024-06-03 01:42:49Z INFO MessageListener] Loading Credentials
[2024-06-03 01:42:49Z INFO ConfigurationStore] HasCredentials()
[2024-06-03 01:42:49Z INFO ConfigurationStore] stored True
[2024-06-03 01:42:49Z INFO CredentialManager] GetCredentialProvider
[2024-06-03 01:42:49Z INFO CredentialManager] Creating type OAuth
[2024-06-03 01:42:49Z INFO CredentialManager] Creating credential type: OAuth
[2024-06-03 01:42:49Z INFO HostContext] Well known directory 'Bin': 'D:\Temporal\Api-Calendario\actions-runner\bin'
[2024-06-03 01:42:49Z INFO HostContext] Well known directory 'Root': 'D:\Temporal\Api-Calendario\actions-runner'
[2024-06-03 01:42:49Z INFO HostContext] Well known config file 'RSACredentials': 'D:\Temporal\Api-Calendario\actions-runner\.credentials_rsaparams'
[2024-06-03 01:42:49Z INFO RSAEncryptedFileKeyManager] Loading RSA key parameters from file D:\Temporal\Api-Calendario\actions-runner\.credentials_rsaparams
[2024-06-03 01:42:49Z INFO MessageListener] Attempt to create session.
[2024-06-03 01:42:49Z INFO MessageListener] Connecting to the Runner Server...
[2024-06-03 01:42:49Z INFO RunnerServer] EstablishVssConnection
[2024-06-03 01:42:49Z INFO RunnerServer] Establish connection with 100 seconds timeout.
[2024-06-03 01:42:49Z INFO GitHubActionsService] Starting operation Location.GetConnectionData
[2024-06-03 01:42:49Z INFO RunnerServer] EstablishVssConnection
[2024-06-03 01:42:49Z INFO RunnerServer] Establish connection with 60 seconds timeout.
[2024-06-03 01:42:49Z INFO GitHubActionsService] Starting operation Location.GetConnectionData
[2024-06-03 01:42:49Z INFO RunnerServer] EstablishVssConnection
[2024-06-03 01:42:49Z INFO RunnerServer] Establish connection with 60 seconds timeout.
[2024-06-03 01:42:49Z INFO GitHubActionsService] Starting operation Location.GetConnectionData
[2024-06-03 01:42:49Z INFO GitHubActionsService] Finished operation Location.GetConnectionData
[2024-06-03 01:42:49Z INFO GitHubActionsService] Finished operation Location.GetConnectionData
[2024-06-03 01:42:49Z INFO GitHubActionsService] Finished operation Location.GetConnectionData
[2024-06-03 01:42:50Z INFO MessageListener] VssConnection created
[2024-06-03 01:42:50Z INFO Terminal] WRITE LINE: 
[2024-06-03 01:42:50Z INFO Terminal] WRITE LINE: 
[2024-06-03 01:42:50Z INFO RSAEncryptedFileKeyManager] Loading RSA key parameters from file D:\Temporal\Api-Calendario\actions-runner\.credentials_rsaparams
[2024-06-03 01:42:50Z INFO RSAEncryptedFileKeyManager] Loading RSA key parameters from file D:\Temporal\Api-Calendario\actions-runner\.credentials_rsaparams
[2024-06-03 01:42:50Z INFO GitHubActionsService] AAD Correlation ID for this token request: Unknown
[2024-06-03 01:42:50Z INFO MessageListener] Session created.
[2024-06-03 01:42:50Z INFO Terminal] WRITE LINE: Current runner version: '2.316.1'
[2024-06-03 01:42:50Z INFO Terminal] WRITE LINE: 2024-06-03 01:42:50Z: Listening for Jobs
[2024-06-03 01:42:50Z INFO JobDispatcher] Set runner/worker IPC timeout to 30 seconds.
